빌드 시작: 2016-06-10 오전 11:03:54
     1>2 노드의 "K:\텀프로젝트(키보드 워리어)\게임 소스\Rush_Hour(키보드워리어)\Rush_Hour(박춘소, 곽승혁)\Rush_Hour(박춘소, 곽승혁).vcxproj" 프로젝트(Build 대상)입니다.
     1>ClCompile:
         C:\Program Files\Microsoft Visual Studio 12.0\VC\bin\CL.exe /c /ZI /nologo /W3 /WX- /sdl /Od /Oy- /D WIN32 /D _DEBUG /D _CONSOLE /D _LIB /Gm /EHsc /RTC1 /MDd /GS /fp:precise /Zc:wchar_t /Zc:forScope /Fo"Debug\\" /Fd"Debug\vc120.pdb" /Gd /TP /analyze- /errorReport:prompt Bgm.cpp
         Bgm.cpp
         C:\Program Files\Microsoft Visual Studio 12.0\VC\bin\CL.exe /c /ZI /nologo /W3 /WX- /sdl /Od /Oy- /D WIN32 /D _DEBUG /D _CONSOLE /D _LIB /Gm /EHsc /RTC1 /MDd /GS /fp:precise /Zc:wchar_t /Zc:forScope /Fo"Debug\\" /Fd"Debug\vc120.pdb" /Gd /TP /analyze- /errorReport:prompt Control.cpp Main.cpp Model.cpp Preview.cpp Stage.cpp MapView.cpp
         MapView.cpp
         Stage.cpp
         Preview.cpp
     1>k:\텀프로젝트(키보드 워리어)\게임 소스\rush_hour(키보드워리어)\rush_hour(박춘소, 곽승혁)\preview.cpp(14): warning C4101: 'i' :참조되지 않은 지역 변수입니다.
         Model.cpp
         Main.cpp
         Control.cpp
         코드를 생성하고 있습니다...
     1>k:\텀프로젝트(키보드 워리어)\게임 소스\rush_hour(키보드워리어)\rush_hour(박춘소, 곽승혁)\control.cpp(103): warning C4715: 'Control::EXIT' : 모든 제어 경로에서 값을 반환하지는 않습니다.
     1>k:\텀프로젝트(키보드 워리어)\게임 소스\rush_hour(키보드워리어)\rush_hour(박춘소, 곽승혁)\control.cpp(401): warning C4715: 'Control::Find_x' : 모든 제어 경로에서 값을 반환하지는 않습니다.
     1>k:\텀프로젝트(키보드 워리어)\게임 소스\rush_hour(키보드워리어)\rush_hour(박춘소, 곽승혁)\control.cpp(237): warning C4715: 'Control::End_Block' : 모든 제어 경로에서 값을 반환하지는 않습니다.
     1>k:\텀프로젝트(키보드 워리어)\게임 소스\rush_hour(키보드워리어)\rush_hour(박춘소, 곽승혁)\control.cpp(413): warning C4715: 'Control::Find_y' : 모든 제어 경로에서 값을 반환하지는 않습니다.
       Link:
         C:\Program Files\Microsoft Visual Studio 12.0\VC\bin\link.exe /ERRORREPORT:PROMPT /OUT:"K:\텀프로젝트(키보드 워리어)\게임 소스\Rush_Hour(키보드워리어)\Debug\Rush_Hour(키보드 워리어).exe" /INCREMENTAL /NOLOGO consola.lib kernel32.lib user32.lib gdi32.lib winspool.lib comdlg32.lib advapi32.lib shell32.lib ole32.lib oleaut32.lib uuid.lib odbc32.lib odbccp32.lib /NODEFAULTLIB:libc.lib /MANIFEST /MANIFESTUAC:"level='asInvoker' uiAccess='false'" /manifest:embed /DEBUG /PDB:"K:\텀프로젝트(키보드 워리어)\게임 소스\Rush_Hour(키보드워리어)\Debug\Rush_Hour(키보드 워리어).pdb" /SUBSYSTEM:CONSOLE /TLBID:1 /DYNAMICBASE /NXCOMPAT /IMPLIB:"K:\텀프로젝트(키보드 워리어)\게임 소스\Rush_Hour(키보드워리어)\Debug\Rush_Hour(키보드 워리어).lib" /MACHINE:X86 Debug\Bgm.obj
         Debug\Control.obj
         Debug\Main.obj
         Debug\Model.obj
         Debug\Preview.obj
         Debug\Stage.obj
         Debug\MapView.obj
         Rush_Hour(박춘소, 곽승혁).vcxproj -> K:\텀프로젝트(키보드 워리어)\게임 소스\Rush_Hour(키보드워리어)\Debug\Rush_Hour(키보드 워리어).exe
     1>"K:\텀프로젝트(키보드 워리어)\게임 소스\Rush_Hour(키보드워리어)\Rush_Hour(박춘소, 곽승혁)\Rush_Hour(박춘소, 곽승혁).vcxproj" 프로젝트를 빌드했습니다(Build 대상).

빌드했습니다.

경과 시간: 00:01:02.10
